===== europe-general-v20plus-final.html =====
# V20Plus single-country fusion validation
file: family-plan-pages/final-single/europe-general-v20plus-final.html
size: 11027
img tags: 0
svg tags: 2
data svg count: 0
errors: 0
warnings: 2
WARN: table count low for V20Plus table-detail standard: 9
WARN: image/SVG count low: 2

===== portugal-ari-d7-v20plus-final.html =====
# V20Plus single-country fusion validation
file: family-plan-pages/final-single/portugal-ari-d7-v20plus-final.html
size: 11171
img tags: 0
svg tags: 2
data svg count: 0
errors: 0
warnings: 2
WARN: table count low for V20Plus table-detail standard: 9
WARN: image/SVG count low: 2

===== greece-golden-visa-v20plus-final.html =====
# V20Plus single-country fusion validation
file: family-plan-pages/final-single/greece-golden-visa-v20plus-final.html
size: 10966
img tags: 0
svg tags: 2
data svg count: 0
errors: 0
warnings: 2
WARN: table count low for V20Plus table-detail standard: 9
WARN: image/SVG count low: 2

===== malta-mprp-v20plus-final.html =====
# V20Plus single-country fusion validation
file: family-plan-pages/final-single/malta-mprp-v20plus-final.html
size: 10902
img tags: 0
svg tags: 2
data svg count: 0
errors: 0
warnings: 2
WARN: table count low for V20Plus table-detail standard: 9
WARN: image/SVG count low: 2

===== dominica-cbi-v20plus-final.html =====
# V20Plus single-country fusion validation
file: family-plan-pages/final-single/dominica-cbi-v20plus-final.html
size: 10767
img tags: 0
svg tags: 2
data svg count: 0
errors: 0
warnings: 2
WARN: table count low for V20Plus table-detail standard: 9
WARN: image/SVG count low: 2

===== vanuatu-cbi-v20plus-final.html =====
# V20Plus single-country fusion validation
file: family-plan-pages/final-single/vanuatu-cbi-v20plus-final.html
size: 10628
img tags: 0
svg tags: 2
data svg count: 0
errors: 0
warnings: 2
WARN: table count low for V20Plus table-detail standard: 9
WARN: image/SVG count low: 2

===== georgia-investment-residence-v20plus-final.html =====
# V20Plus single-country fusion validation
file: family-plan-pages/final-single/georgia-investment-residence-v20plus-final.html
size: 10758
img tags: 0
svg tags: 2
data svg count: 0
errors: 0
warnings: 2
WARN: table count low for V20Plus table-detail standard: 9
WARN: image/SVG count low: 2

